0 info it worked if it ends with ok
1 verbose cli [ '/usr/bin/nodejs', '/usr/bin/npm', 'run', 'server' ]
2 info using npm@3.8.3
3 info using node@v5.10.0
4 verbose run-script [ 'preserver', 'server', 'postserver' ]
5 info lifecycle cookbook@1.0.0~preserver: cookbook@1.0.0
6 silly lifecycle cookbook@1.0.0~preserver: no script for preserver, continuing
7 info lifecycle cookbook@1.0.0~server: cookbook@1.0.0
8 verbose lifecycle cookbook@1.0.0~server: unsafe-perm in lifecycle true
9 verbose lifecycle cookbook@1.0.0~server: PATH: /usr/lib/node_modules/npm/bin/node-gyp-bin:/home/jorgericaldi/Documents/cookbook/node_modules/.bin:/usr/bin:/usr/local/sbin:/usr/local/bin:/usr/sbin:/usr/bin:/sbin:/bin:/usr/games:/usr/local/games
10 verbose lifecycle cookbook@1.0.0~server: CWD: /home/jorgericaldi/Documents/cookbook
11 silly lifecycle cookbook@1.0.0~server: Args: [ '-c', 'webpack && nodemon src/server/index.js' ]
12 silly lifecycle cookbook@1.0.0~server: Returned: code: 1  signal: null
13 info lifecycle cookbook@1.0.0~server: Failed to exec server script
14 verbose stack Error: cookbook@1.0.0 server: `webpack && nodemon src/server/index.js`
14 verbose stack Exit status 1
14 verbose stack     at EventEmitter.<anonymous> (/usr/lib/node_modules/npm/lib/utils/lifecycle.js:239:16)
14 verbose stack     at emitTwo (events.js:100:13)
14 verbose stack     at EventEmitter.emit (events.js:185:7)
14 verbose stack     at ChildProcess.<anonymous> (/usr/lib/node_modules/npm/lib/utils/spawn.js:24:14)
14 verbose stack     at emitTwo (events.js:100:13)
14 verbose stack     at ChildProcess.emit (events.js:185:7)
14 verbose stack     at maybeClose (internal/child_process.js:850:16)
14 verbose stack     at Process.ChildProcess._handle.onexit (internal/child_process.js:215:5)
15 verbose pkgid cookbook@1.0.0
16 verbose cwd /home/jorgericaldi/Documents/cookbook
17 error Linux 3.19.0-58-generic
18 error argv "/usr/bin/nodejs" "/usr/bin/npm" "run" "server"
19 error node v5.10.0
20 error npm  v3.8.3
21 error code ELIFECYCLE
22 error cookbook@1.0.0 server: `webpack && nodemon src/server/index.js`
22 error Exit status 1
23 error Failed at the cookbook@1.0.0 server script 'webpack && nodemon src/server/index.js'.
23 error Make sure you have the latest version of node.js and npm installed.
23 error If you do, this is most likely a problem with the cookbook package,
23 error not with npm itself.
23 error Tell the author that this fails on your system:
23 error     webpack && nodemon src/server/index.js
23 error You can get information on how to open an issue for this project with:
23 error     npm bugs cookbook
23 error Or if that isn't available, you can get their info via:
23 error     npm owner ls cookbook
23 error There is likely additional logging output above.
24 verbose exit [ 1, true ]
